<?xml version="1.0" encoding="UTF-8"?>
<!-- Generated by org.testng.reporters.JUnitReportReporter -->
<testsuite hostname="DESKTOP-KKGP20U" failures="0" tests="1" name="rahulshettyacademy.selenimframework.standalonetest" time="11.032" errors="0" timestamp="2024-10-13T20:10:02 PKT" skipped="0">
  <testcase classname="rahulshettyacademy.selenimframework.standalonetest" name="standalone" time="11.032"/>
</testsuite> <!-- rahulshettyacademy.selenimframework.standalonetest -->
